<?xml version="1.0" encoding="UTF-8"?>
<!-- Generated by org.testng.reporters.JUnitReportReporter -->
<testsuite skipped="0" hostname="BDC6-DX-6C5FNK2" name="TestNG.Newtours_withdataprovider" tests="3" failures="0" timestamp="06 Nov 2019 04:59:09 GMT" time="34.007" errors="0">
  <testcase name="registeruser" time="9.870" classname="TestNG.Newtours_withdataprovider"/>
  <testcase name="registeruser" time="9.868" classname="TestNG.Newtours_withdataprovider"/>
  <testcase name="registeruser" time="14.269" classname="TestNG.Newtours_withdataprovider"/>
</testsuite> <!-- TestNG.Newtours_withdataprovider -->
