<?xml version="1.0" encoding="UTF-8"?>
<!-- Generated by org.testng.reporters.JUnitReportReporter -->
<testsuite skipped="0" hostname="BDC6-DX-6C5FNK2" name="TestNG.Priority_test" tests="10" failures="0" timestamp="05 Nov 2019 06:54:00 GMT" time="0.039" errors="0">
  <testcase name="Test10" time="0.018" classname="TestNG.Priority_test"/>
  <testcase name="Test8" time="0.002" classname="TestNG.Priority_test"/>
  <testcase name="Test9" time="0.003" classname="TestNG.Priority_test"/>
  <testcase name="Test7" time="0.002" classname="TestNG.Priority_test"/>
  <testcase name="Test6" time="0.002" classname="TestNG.Priority_test"/>
  <testcase name="Test5" time="0.004" classname="TestNG.Priority_test"/>
  <testcase name="Test4" time="0.001" classname="TestNG.Priority_test"/>
  <testcase name="Test3" time="0.004" classname="TestNG.Priority_test"/>
  <testcase name="Test2" time="0.002" classname="TestNG.Priority_test"/>
  <testcase name="Test1" time="0.001" classname="TestNG.Priority_test"/>
</testsuite> <!-- TestNG.Priority_test -->
