<?xml version="1.0" encoding="UTF-8"?>
<!-- Generated by org.testng.reporters.JUnitReportReporter -->
<testsuite skipped="0" hostname="BDC6-DX-6C5FNK2" name="TestNG.data_provider_test2" tests="3" failures="0" timestamp="06 Nov 2019 04:45:28 GMT" time="0.016" errors="0">
  <testcase name="datatest" time="0.000" classname="TestNG.data_provider_test2"/>
  <testcase name="datatest" time="0.016" classname="TestNG.data_provider_test2"/>
  <testcase name="datatest" time="0.000" classname="TestNG.data_provider_test2"/>
</testsuite> <!-- TestNG.data_provider_test2 -->
