<?xml version="1.0" encoding="UTF-8"?>
<!-- Generated by org.testng.reporters.JUnitReportReporter -->
<testsuite skipped="0" hostname="BDC6-DX-6C5FNK2" name="TestNG.data_provider_test" tests="3" failures="0" timestamp="06 Nov 2019 04:26:44 GMT" time="0.017" errors="0">
  <testcase name="dataInfo" time="0.000" classname="TestNG.data_provider_test"/>
  <testcase name="dataInfo" time="0.001" classname="TestNG.data_provider_test"/>
  <testcase name="dataInfo" time="0.016" classname="TestNG.data_provider_test"/>
</testsuite> <!-- TestNG.data_provider_test -->
