<?xml version="1.0" encoding="UTF-8"?>
<!-- Generated by org.testng.reporters.JUnitReportReporter -->
<testsuite skipped="0" hostname="BDC6-DX-6C5FNK2" name="TestNG_Parallel.start_googlechrome" tests="1" failures="0" timestamp="06 Nov 2019 04:13:57 GMT" time="12.368" errors="0">
  <testcase name="googlechrome" time="12.368" classname="TestNG_Parallel.start_googlechrome"/>
</testsuite> <!-- TestNG_Parallel.start_googlechrome -->
