<?xml version="1.0" encoding="UTF-8"?>
<!-- Generated by org.testng.reporters.JUnitReportReporter -->
<testsuite skipped="2" hostname="BDC6-DX-6C5FNK2" name="TestNG.SkippingTest" tests="5" failures="0" timestamp="05 Nov 2019 06:47:41 GMT" time="0.016" errors="0">
  <testcase name="Test3" time="0.002" classname="TestNG.SkippingTest"/>
  <testcase name="Test5" time="0.002" classname="TestNG.SkippingTest"/>
  <testcase name="Test1" time="0.012" classname="TestNG.SkippingTest"/>
  <testcase name="Test4" classname="TestNG.SkippingTest">
    <skipped/>
  </testcase> <!-- Test4 -->
  <testcase name="Test2" classname="TestNG.SkippingTest">
    <skipped/>
  </testcase> <!-- Test2 -->
</testsuite> <!-- TestNG.SkippingTest -->
