<?xml version="1.0" encoding="UTF-8"?>
<!-- Generated by org.testng.reporters.JUnitReportReporter -->
<testsuite skipped="0" hostname="BDC6-DX-6C5FNK2" name="TestNG_Suite.sampleTest2" tests="1" failures="0" timestamp="05 Nov 2019 10:42:55 GMT" time="0.000" errors="0">
  <testcase name="Test" time="0.000" classname="TestNG_Suite.sampleTest2"/>
</testsuite> <!-- TestNG_Suite.sampleTest2 -->
