<?xml version="1.0" encoding="UTF-8"?>
<!-- Generated by org.testng.reporters.JUnitReportReporter -->
<testsuite skipped="0" hostname="BDC6-DX-6C5FNK2" name="TestNG_groups.sampleTest1" tests="2" failures="0" timestamp="05 Nov 2019 10:43:54 GMT" time="0.031" errors="0">
  <testcase name="Test1" time="0.015" classname="TestNG_groups.sampleTest1"/>
  <testcase name="Test3" time="0.016" classname="TestNG_groups.sampleTest1"/>
</testsuite> <!-- TestNG_groups.sampleTest1 -->
