<?xml version="1.0" encoding="UTF-8"?>
<!-- Generated by org.testng.reporters.JUnitReportReporter -->
<testsuite skipped="0" hostname="BDC6-DX-6C5FNK2" name="TestNG.Dependstest" tests="3" failures="0" timestamp="05 Nov 2019 07:19:38 GMT" time="10.093" errors="0">
  <testcase name="verifyHomeTitle" time="0.015" classname="TestNG.Dependstest"/>
  <testcase name="launchBrowser" time="9.385" classname="TestNG.Dependstest"/>
  <testcase name="terminateBrowser" time="0.693" classname="TestNG.Dependstest"/>
</testsuite> <!-- TestNG.Dependstest -->
