<?xml version="1.0" encoding="UTF-8"?>
<!-- Generated by org.testng.reporters.JUnitReportReporter -->
<testsuite skipped="0" hostname="BDC6-DX-6C5FNK2" name="TestNG_Parallel.start_firefox" tests="1" failures="0" timestamp="06 Nov 2019 04:13:57 GMT" time="35.012" errors="0">
  <testcase name="firefox" time="35.012" classname="TestNG_Parallel.start_firefox"/>
</testsuite> <!-- TestNG_Parallel.start_firefox -->
